<?xml version="1.0" encoding="UTF-8" ?>
<testsuite failures="0" time="0.079" errors="0" skipped="1" tests="54" name="org.biojava3.alignment.SimpleProfileTest">
  <properties>
[...]
</properties>
  <testcase time="0.002" classname="org.biojava3.alignment.SimpleProfileTest" name="testGetAlignedSequencesIntArray"/>
  <testcase time="0" classname="org.biojava3.alignment.SimpleProfileTest" name="testGetAlignedSequencesSArray"/>
  <testcase time="0" classname="org.biojava3.alignment.SimpleProfileTest" name="testGetCompoundAtIntInt"/>
  <testcase time="0.001" classname="org.biojava3.alignment.SimpleProfileTest" name="testGetCompoundAtIntIntOutOfBounds"/>
  <testcase time="0" classname="org.biojava3.alignment.SimpleProfileTest" name="testGetCompoundAtIntIntOutOfBounds2"/>
  <testcase time="0" classname="org.biojava3.alignment.SimpleProfileTest" name="testGetCompoundAtIntIntOutOfBounds3"/>
  <testcase time="0.001" classname="org.biojava3.alignment.SimpleProfileTest" name="testGetCompoundAtIntIntOutOfBounds4"/>
  <testcase time="0" classname="org.biojava3.alignment.SimpleProfileTest" name="testGetCompoundAtIntIntOutOfBounds5"/>
  <testcase time="0.001" classname="org.biojava3.alignment.SimpleProfileTest" name="testGetCompoundAtIntIntOutOfBounds6"/>
  <testcase time="0" classname="org.biojava3.alignment.SimpleProfileTest" name="testGetCompoundAtIntIntOutOfBounds7"/>
  <testcase time="0" classname="org.biojava3.alignment.SimpleProfileTest" name="testGetCompoundAtIntIntOutOfBounds8"/>
  <testcase time="0" classname="org.biojava3.alignment.SimpleProfileTest" name="testGetCompoundAtIntIntOutOfBounds9"/>
  <testcase time="0" classname="org.biojava3.alignment.SimpleProfileTest" name="testGetCompoundAtSInt"/>
  <testcase time="0.001" classname="org.biojava3.alignment.SimpleProfileTest" name="testGetCompoundAtSIntOutOfBounds"/>
  <testcase time="0" classname="org.biojava3.alignment.SimpleProfileTest" name="testGetCompoundAtSIntOutOfBounds2"/>
  <testcase time="0.001" classname="org.biojava3.alignment.SimpleProfileTest" name="testGetCompoundAtSIntOutOfBounds3"/>
  <testcase time="0" classname="org.biojava3.alignment.SimpleProfileTest" name="testGetCompoundAtSIntOutOfBounds4"/>
  <testcase time="0" classname="org.biojava3.alignment.SimpleProfileTest" name="testGetCompoundAtSIntOutOfBounds5"/>
  <testcase time="0" classname="org.biojava3.alignment.SimpleProfileTest" name="testGetCompoundSet"/>
  <testcase time="0" classname="org.biojava3.alignment.SimpleProfileTest" name="testGetCompoundsAt"/>
  <testcase time="0" classname="org.biojava3.alignment.SimpleProfileTest" name="testGetCompoundsAtOutOfBounds"/>
  <testcase time="0.001" classname="org.biojava3.alignment.SimpleProfileTest" name="testGetCompoundsAtOutOfBounds2"/>
  <testcase time="0" classname="org.biojava3.alignment.SimpleProfileTest" name="testGetCompoundsAtOutOfBounds3"/>
  <testcase time="0.001" classname="org.biojava3.alignment.SimpleProfileTest" name="testGetCompoundsAtOutOfBounds4"/>
  <testcase time="0" classname="org.biojava3.alignment.SimpleProfileTest" name="testGetCompoundsAtOutOfBounds5"/>
  <testcase time="0" classname="org.biojava3.alignment.SimpleProfileTest" name="testGetCompoundsAtOutOfBounds6"/>
  <testcase time="0.001" classname="org.biojava3.alignment.SimpleProfileTest" name="testGetIndexOf"/>
  <testcase time="0.001" classname="org.biojava3.alignment.SimpleProfileTest" name="testGetIndicesAt"/>
  <testcase time="0" classname="org.biojava3.alignment.SimpleProfileTest" name="testGetIndicesAtOutOfBounds"/>
  <testcase time="0.001" classname="org.biojava3.alignment.SimpleProfileTest" name="testGetIndicesAtOutOfBounds2"/>
  <testcase time="0" classname="org.biojava3.alignment.SimpleProfileTest" name="testGetIndicesAtOutOfBounds3"/>
  <testcase time="0" classname="org.biojava3.alignment.SimpleProfileTest" name="testGetIndicesAtOutOfBounds4"/>
  <testcase time="0" classname="org.biojava3.alignment.SimpleProfileTest" name="testGetIndicesAtOutOfBounds5"/>
  <testcase time="0" classname="org.biojava3.alignment.SimpleProfileTest" name="testGetIndicesAtOutOfBounds6"/>
  <testcase time="0.001" classname="org.biojava3.alignment.SimpleProfileTest" name="testGetLastIndexOf"/>
  <testcase time="0" classname="org.biojava3.alignment.SimpleProfileTest" name="testGetLength"/>
  <testcase time="0" classname="org.biojava3.alignment.SimpleProfileTest" name="testGetOriginalSequences"/>
  <testcase time="0.001" classname="org.biojava3.alignment.SimpleProfileTest" name="testGetSize"/>
  <testcase time="0.001" classname="org.biojava3.alignment.SimpleProfileTest" name="testGetSubProfile">
    <skipped/>
  </testcase>
  <testcase time="0" classname="org.biojava3.alignment.SimpleProfileTest" name="testIsCircular"/>
  <testcase time="0.006" classname="org.biojava3.alignment.SimpleProfileTest" name="testToStringInt"/>
  <testcase time="0.013" classname="org.biojava3.alignment.SimpleProfileTest" name="testToStringFormatted"/>
  <testcase time="0.001" classname="org.biojava3.alignment.SimpleProfileTest" name="testSimpleProfile"/>
  <testcase time="0" classname="org.biojava3.alignment.SimpleProfileTest" name="testGetAlignedSequenceInt"/>
  <testcase time="0" classname="org.biojava3.alignment.SimpleProfileTest" name="testGetAlignedSequenceIntOutOfBounds"/>
  <testcase time="0" classname="org.biojava3.alignment.SimpleProfileTest" name="testGetAlignedSequenceIntOutOfBounds2"/>
  <testcase time="0" classname="org.biojava3.alignment.SimpleProfileTest" name="testGetAlignedSequenceIntOutOfBounds3"/>
  <testcase time="0" classname="org.biojava3.alignment.SimpleProfileTest" name="testGetAlignedSequenceIntOutOfBounds4"/>
  <testcase time="0" classname="org.biojava3.alignment.SimpleProfileTest" name="testGetAlignedSequenceIntOutOfBounds5"/>
  <testcase time="0.001" classname="org.biojava3.alignment.SimpleProfileTest" name="testGetAlignedSequenceIntOutOfBounds6"/>
  <testcase time="0" classname="org.biojava3.alignment.SimpleProfileTest" name="testGetAlignedSequenceS"/>
  <testcase time="0" classname="org.biojava3.alignment.SimpleProfileTest" name="testGetAlignedSequences"/>
  <testcase time="0.001" classname="org.biojava3.alignment.SimpleProfileTest" name="testIterator"/>
  <testcase time="0.001" classname="org.biojava3.alignment.SimpleProfileTest" name="testToString"/>
</testsuite>