<?xml version="1.0" encoding="UTF-8" ?>
<testsuite failures="0" time="0.032" errors="0" skipped="1" tests="33" name="org.biojava3.alignment.SimpleAlignedSequenceTest">
  <properties>
[...]
</properties>
  <testcase time="0" classname="org.biojava3.alignment.SimpleAlignedSequenceTest" name="testGetCompoundSet"/>
  <testcase time="0" classname="org.biojava3.alignment.SimpleAlignedSequenceTest" name="testGetIndexOf"/>
  <testcase time="0.001" classname="org.biojava3.alignment.SimpleAlignedSequenceTest" name="testGetLastIndexOf"/>
  <testcase time="0" classname="org.biojava3.alignment.SimpleAlignedSequenceTest" name="testGetLength"/>
  <testcase time="0.001" classname="org.biojava3.alignment.SimpleAlignedSequenceTest" name="testIsCircular"/>
  <testcase time="0" classname="org.biojava3.alignment.SimpleAlignedSequenceTest" name="testIterator"/>
  <testcase time="0.001" classname="org.biojava3.alignment.SimpleAlignedSequenceTest" name="testToString"/>
  <testcase time="0" classname="org.biojava3.alignment.SimpleAlignedSequenceTest" name="testSimpleAlignedSequenceLocal"/>
  <testcase time="0" classname="org.biojava3.alignment.SimpleAlignedSequenceTest" name="testSimpleAlignedSequenceLong"/>
  <testcase time="0" classname="org.biojava3.alignment.SimpleAlignedSequenceTest" name="testSimpleAlignedSequenceShort"/>
  <testcase time="0" classname="org.biojava3.alignment.SimpleAlignedSequenceTest" name="testGetAlignmentIndexAt"/>
  <testcase time="0" classname="org.biojava3.alignment.SimpleAlignedSequenceTest" name="testGetAlignmentIndexAtOutOfBounds"/>
  <testcase time="0" classname="org.biojava3.alignment.SimpleAlignedSequenceTest" name="testGetAlignmentIndexAtOutOfBounds2"/>
  <testcase time="0" classname="org.biojava3.alignment.SimpleAlignedSequenceTest" name="testGetAlignmentIndexAtOutOfBounds3"/>
  <testcase time="0" classname="org.biojava3.alignment.SimpleAlignedSequenceTest" name="testGetAlignmentIndexAtOutOfBounds4"/>
  <testcase time="0.002" classname="org.biojava3.alignment.SimpleAlignedSequenceTest" name="testGetEnd"/>
  <testcase time="0.001" classname="org.biojava3.alignment.SimpleAlignedSequenceTest" name="testGetLocationInAlignment"/>
  <testcase time="0" classname="org.biojava3.alignment.SimpleAlignedSequenceTest" name="testGetNumGaps"/>
  <testcase time="0" classname="org.biojava3.alignment.SimpleAlignedSequenceTest" name="testGetOriginalSequence"/>
  <testcase time="0" classname="org.biojava3.alignment.SimpleAlignedSequenceTest" name="testGetOverlapCount"/>
  <testcase time="0" classname="org.biojava3.alignment.SimpleAlignedSequenceTest" name="testGetSequenceIndexAt"/>
  <testcase time="0" classname="org.biojava3.alignment.SimpleAlignedSequenceTest" name="testGetSequenceIndexAtOutOfBounds"/>
  <testcase time="0" classname="org.biojava3.alignment.SimpleAlignedSequenceTest" name="testGetSequenceIndexAtOutOfBounds2"/>
  <testcase time="0" classname="org.biojava3.alignment.SimpleAlignedSequenceTest" name="testGetSequenceIndexAtOutOfBounds3"/>
  <testcase time="0" classname="org.biojava3.alignment.SimpleAlignedSequenceTest" name="testGetSequenceIndexAtOutOfBounds4"/>
  <testcase time="0" classname="org.biojava3.alignment.SimpleAlignedSequenceTest" name="testGetStart"/>
  <testcase time="0" classname="org.biojava3.alignment.SimpleAlignedSequenceTest" name="testCountCompounds"/>
  <testcase time="0" classname="org.biojava3.alignment.SimpleAlignedSequenceTest" name="testGetAccession"/>
  <testcase time="0.001" classname="org.biojava3.alignment.SimpleAlignedSequenceTest" name="testGetAsList"/>
  <testcase time="0" classname="org.biojava3.alignment.SimpleAlignedSequenceTest" name="testGetCompoundAt"/>
  <testcase time="0.001" classname="org.biojava3.alignment.SimpleAlignedSequenceTest" name="testGetSequenceAsString"/>
  <testcase time="0" classname="org.biojava3.alignment.SimpleAlignedSequenceTest" name="testGetSequenceAsStringIntegerIntegerStrand"/>
  <testcase time="0.001" classname="org.biojava3.alignment.SimpleAlignedSequenceTest" name="testGetSubSequence">
    <skipped/>
  </testcase>
</testsuite>