<?xml version="1.0" encoding="UTF-8" ?>
<testsuite failures="0" time="0.011" errors="0" skipped="0" tests="7" name="org.biojava3.alignment.routines.GuanUberbacherTest">
  <properties>
[...]
</properties>
  <testcase time="0.002" classname="org.biojava3.alignment.routines.GuanUberbacherTest" name="testGuanUberbacher"/>
  <testcase time="0" classname="org.biojava3.alignment.routines.GuanUberbacherTest" name="testGetComputationTime"/>
  <testcase time="0" classname="org.biojava3.alignment.routines.GuanUberbacherTest" name="testGetProfile"/>
  <testcase time="0" classname="org.biojava3.alignment.routines.GuanUberbacherTest" name="testGetMaxScore"/>
  <testcase time="0" classname="org.biojava3.alignment.routines.GuanUberbacherTest" name="testGetMinScore"/>
  <testcase time="0.001" classname="org.biojava3.alignment.routines.GuanUberbacherTest" name="testGetScore"/>
  <testcase time="0.001" classname="org.biojava3.alignment.routines.GuanUberbacherTest" name="testGetPair"/>
</testsuite>